2025-08-28 17:54:27,377 - INFO - Starting Advanced VoiceShield Model Fine-tuning
2025-08-28 17:54:27,377 - INFO - ======================================================================
2025-08-28 17:54:27,377 - INFO - Using device: cpu
2025-08-28 17:54:27,377 - INFO - Loading training datasets...
2025-08-28 17:54:27,377 - INFO - Downloading CoNLL-2003 NER dataset...
2025-08-28 17:54:28,479 - INFO - PyTorch version 2.8.0 available.
2025-08-28 17:54:28,479 - INFO - TensorFlow version 2.18.0 available.
2025-08-28 17:54:28,479 - INFO - JAX version 0.5.3 available.
2025-08-28 17:54:31,850 - WARNING - CoNLL download failed: 'utf-8' codec can't decode byte 0x8b in position 1: invalid start byte
2025-08-28 17:54:31,851 - INFO - Creating synthetic NER training data...
2025-08-28 17:54:31,851 - INFO - Created 185 synthetic NER samples
2025-08-28 17:54:31,851 - INFO - Creating privacy classification data...
2025-08-28 17:54:31,851 - INFO - Created 111 classification samples
2025-08-28 17:54:31,852 - INFO - Training transformer models...
2025-08-28 17:54:31,852 - INFO - Training NER model with distilbert-base-uncased...
2025-08-28 17:55:25,125 - WARNING - From C:\Users\vanes\AppData\Local\Programs\Python\Python312\Lib\site-packages\tf_keras\src\losses.py:2976: The name tf.losses.sparse_softmax_cross_entropy is deprecated. Please use tf.compat.v1.losses.sparse_softmax_cross_entropy instead.

2025-08-28 17:55:26,671 - INFO - NER Labels: ['B-ADDRESS', 'B-CREDIT_CARD', 'B-DATE', 'B-EMAIL', 'B-ID_NUMBER', 'B-MEDICAL_ID', 'B-PERSON', 'B-PHONE', 'B-SSN', 'I-ADDRESS', 'I-DATE', 'I-PERSON', 'O']
2025-08-28 17:55:50,545 - ERROR - NER training failed: To be able to use evaluate-metric/seqeval, you need to install the following dependencies['seqeval'] using 'pip install seqeval' for instance'
2025-08-28 17:55:50,547 - INFO - Training classification model with distilbert-base-uncased...
2025-08-28 17:55:50,547 - INFO - Classification Labels: ['financial_info', 'health_info', 'highly_sensitive', 'not_private', 'personal_info', 'sensitive_personal']
2025-08-28 17:55:55,674 - INFO - Starting classification model training...
2025-08-28 17:56:20,244 - INFO - Classification training completed! F1: 0.000
2025-08-28 17:56:20,246 - INFO - ======================================================================
2025-08-28 17:56:20,246 - INFO - ADVANCED VOICESHIELD TRAINING COMPLETED!
2025-08-28 17:56:20,248 - INFO - Training Duration: 112.9 seconds
2025-08-28 17:56:20,248 - INFO - NER Model: FAILED
2025-08-28 17:56:20,248 - INFO - Classification Model: SUCCESS
2025-08-28 17:56:20,249 - INFO - Results: C:\tiktok-techjam-2025\advanced_training_results.json
2025-08-28 17:56:20,249 - INFO - Report: C:\tiktok-techjam-2025\advanced_training_report.md
2025-08-28 17:56:20,249 - INFO - READY FOR PRODUCTION DEPLOYMENT!
