2025-08-29 22:17:57,531 - __main__ - INFO - === VoiceShield Fixed SOTA Training Pipeline ===
2025-08-29 22:17:57,531 - __main__ - INFO - [GOAL] Train high-accuracy models with all issues resolved
2025-08-29 22:17:57,531 - __main__ - INFO - ============================================================
2025-08-29 22:17:57,537 - __main__ - INFO - Using device: cpu
2025-08-29 22:17:57,537 - __main__ - INFO - [STEP 1] Loading existing training datasets...
2025-08-29 22:17:57,541 - __main__ - INFO - [SUCCESS] Loaded enhanced_pii: 600 examples
2025-08-29 22:17:57,546 - __main__ - INFO - [SUCCESS] Loaded enhanced_privacy: 900 examples
2025-08-29 22:17:57,557 - __main__ - INFO - [SUCCESS] Loaded enhanced_audio: 450 examples
2025-08-29 22:17:57,564 - __main__ - INFO - [SUCCESS] Loaded synthetic_pii: 4500 examples
2025-08-29 22:17:57,571 - __main__ - INFO - [SUCCESS] Loaded synthetic_privacy: 1900 examples
2025-08-29 22:17:57,571 - __main__ - INFO - [COMPLETE] Dataset loading complete: enhanced_pii, enhanced_privacy, enhanced_audio, synthetic_pii, synthetic_privacy
2025-08-29 22:17:57,571 - __main__ - INFO - [STEP 2] Starting FIXED SOTA model training...
2025-08-29 22:17:57,571 - __main__ - INFO - [TARGET] Exceed baseline accuracy with robust training
2025-08-29 22:17:57,571 - __main__ - INFO - [DATA] Loading all available datasets...
2025-08-29 22:17:57,591 - __main__ - INFO - [SUCCESS] Loaded enhanced_pii: 600 examples
2025-08-29 22:17:57,621 - __main__ - INFO - [SUCCESS] Loaded synthetic_pii: 4500 examples
2025-08-29 22:17:57,631 - __main__ - INFO - [SUCCESS] Loaded enhanced_privacy: 900 examples
2025-08-29 22:17:57,638 - __main__ - INFO - [SUCCESS] Loaded synthetic_privacy: 1900 examples
2025-08-29 22:17:57,646 - __main__ - INFO - [SUCCESS] Loaded audio_privacy: 450 examples
2025-08-29 22:17:57,646 - __main__ - INFO - [INFO] Training 3 models with fixed configurations
2025-08-29 22:17:57,646 - __main__ - INFO - [TRAIN] Training roberta_large_fixed...
2025-08-29 22:17:57,646 - __main__ - INFO -   Model: roberta-large
2025-08-29 22:17:57,646 - __main__ - INFO -   Task: privacy_classification
2025-08-29 22:17:57,646 - __main__ - INFO -   Batch Size: 4
2025-08-29 22:17:57,646 - __main__ - INFO -   Learning Rate: 8e-06
2025-08-29 22:17:57,646 - __main__ - INFO - [DATASET] Using enhanced_privacy for privacy_classification
2025-08-29 22:18:01,706 - __main__ - INFO - [TRAINING] roberta_large_fixed with 720 train, 180 eval examples...
2025-08-29 22:43:18,190 - __main__ - ERROR - [FAIL] roberta_large_fixed training failed: 'base_model.model.classifier.dense.lora_A.default.weight'
2025-08-29 22:43:18,789 - __main__ - INFO - [TRAIN] Training distilbert_fixed...
2025-08-29 22:43:18,790 - __main__ - INFO -   Model: distilbert-base-uncased
2025-08-29 22:43:18,793 - __main__ - INFO -   Task: pii_detection
2025-08-29 22:43:18,793 - __main__ - INFO -   Batch Size: 8
2025-08-29 22:43:18,794 - __main__ - INFO -   Learning Rate: 2e-05
2025-08-29 22:43:18,795 - __main__ - INFO - [DATASET] Using enhanced_pii for pii_detection
2025-08-29 22:43:20,352 - __main__ - ERROR - [FAIL] distilbert_fixed training failed: New column name labels already in the dataset. Please choose a column name which is not already in the dataset. Current columns in the dataset: ['text', 'labels', 'privacy_level', 'has_pii', 'pii_type', 'variation_id', 'input_ids', 'attention_mask']
2025-08-29 22:43:20,365 - __main__ - INFO - [TRAIN] Training bert_base_fixed...
2025-08-29 22:43:20,366 - __main__ - INFO -   Model: bert-base-uncased
2025-08-29 22:43:20,367 - __main__ - INFO -   Task: audio_privacy
2025-08-29 22:43:20,368 - __main__ - INFO -   Batch Size: 8
2025-08-29 22:43:20,368 - __main__ - INFO -   Learning Rate: 1e-05
2025-08-29 22:43:20,370 - __main__ - INFO - [DATASET] Using audio_privacy for audio_privacy
2025-08-29 22:43:21,947 - __main__ - INFO - [TRAINING] bert_base_fixed with 360 train, 90 eval examples...
2025-08-29 22:46:55,216 - __main__ - INFO - [EVAL] Final evaluation of bert_base_fixed...
2025-08-29 22:47:00,432 - __main__ - INFO - [SUCCESS] bert_base_fixed training completed!
2025-08-29 22:47:00,432 - __main__ - INFO -   Final Accuracy: 0.4556 (45.56%)
2025-08-29 22:47:00,591 - __main__ - INFO - [SUCCESS] bert_base_fixed training completed!
2025-08-29 22:47:00,598 - __main__ - INFO -   Accuracy: 0.4556 (45.56%)
2025-08-29 22:47:00,599 - __main__ - INFO -   F1 Score: 0.2852
2025-08-29 22:47:00,599 - __main__ - INFO -   Training Time: 213.3s
2025-08-29 22:47:00,599 - __main__ - INFO - [ENSEMBLE] Creating ensemble from successful models...
2025-08-29 22:47:00,601 - __main__ - WARNING - [ENSEMBLE] Not enough successful models for ensemble
2025-08-29 22:47:00,605 - __main__ - INFO - [SUCCESS] Fixed results saved to sota_results\fixed_sota_results.json
2025-08-29 22:47:00,607 - __main__ - INFO - [SUCCESS] Summary report saved to sota_results\fixed_sota_summary.md
2025-08-29 22:47:00,607 - __main__ - INFO - [RESULTS] Best Model Accuracy: 0.4556 (45.56%)
2025-08-29 22:47:00,607 - __main__ - INFO - [RESULTS] Improvement over baseline: +45.6 percentage points
2025-08-29 22:47:00,609 - __main__ - INFO - [COMPLETE] FIXED SOTA model training completed!
2025-08-29 22:47:00,613 - __main__ - INFO - ============================================================
2025-08-29 22:47:00,614 - __main__ - INFO - [COMPLETE] FIXED SOTA Training completed successfully!
2025-08-29 22:47:00,615 - __main__ - INFO - [RESULTS] BEST ACCURACY: 0.4556 (45.56%)
2025-08-29 22:47:00,615 - __main__ - INFO - [RESULTS] AVERAGE ACCURACY: 0.4556 (45.56%)
2025-08-29 22:47:00,616 - __main__ - INFO - [RESULTS] BEST F1 SCORE: 0.2852
2025-08-29 22:47:00,616 - __main__ - INFO - [RESULTS] SUCCESSFUL MODELS: 1/3
2025-08-29 22:47:00,617 - __main__ - INFO - [STATUS] Good Performance Achieved!
2025-08-29 22:47:00,617 - __main__ - INFO - [READY] Models ready for production deployment!
